[2017-11-06 23:25:02] Processing /usr/share/nginx/hotelier-jobs/application/data/csv/DODA/super_kyujin.csv
[2017-11-06 23:25:05] extracting zip file.
[2017-11-06 23:25:09] Update job_code=3001869276 in row no. 1
[2017-11-06 23:25:09] No job_category_m_id for job_code=3001869312 in row no. 2
[2017-11-06 23:25:09] No job_category_s_id for job_code=3001869312 in row no. 2
[2017-11-06 23:25:09] No job_category_l_id2 for job_code=3001869312 in row no. 2
[2017-11-06 23:25:09] No job_category_m_id2 for job_code=3001869312 in row no. 2
[2017-11-06 23:25:09] No job_category_s_id2 for job_code=3001869312 in row no. 2
[2017-11-06 23:25:09] Update job_code=3001869312 in row no. 2
[2017-11-06 23:25:09] No job_category_l_id2 for job_code=3001869313 in row no. 3
[2017-11-06 23:25:09] No job_category_m_id2 for job_code=3001869313 in row no. 3
[2017-11-06 23:25:09] No job_category_s_id2 for job_code=3001869313 in row no. 3
[2017-11-06 23:25:09] Update job_code=3001869313 in row no. 3
[2017-11-06 23:25:09] No job_category_s_id for job_code=3001869166 in row no. 4
[2017-11-06 23:25:09] No job_category_l_id2 for job_code=3001869166 in row no. 4
[2017-11-06 23:25:09] No job_category_m_id2 for job_code=3001869166 in row no. 4
[2017-11-06 23:25:09] No job_category_s_id2 for job_code=3001869166 in row no. 4
[2017-11-06 23:25:09] Update job_code=3001869166 in row no. 4
[2017-11-06 23:25:09] No job_category_m_id for job_code=3001869225 in row no. 5
[2017-11-06 23:25:09] No job_category_s_id for job_code=3001869225 in row no. 5
[2017-11-06 23:25:09] No job_category_s_id2 for job_code=3001869225 in row no. 5
[2017-11-06 23:25:09] Update job_code=3001869225 in row no. 5
[2017-11-06 23:25:09] No job_category_m_id2 for job_code=3001869277 in row no. 6
[2017-11-06 23:25:09] No job_category_s_id2 for job_code=3001869277 in row no. 6
[2017-11-06 23:25:09] Update job_code=3001869277 in row no. 6
[2017-11-06 23:25:09] No job_category_s_id2 for job_code=3001869284 in row no. 7
[2017-11-06 23:25:09] Update job_code=3001869284 in row no. 7
[2017-11-06 23:25:09] No job_category_s_id2 for job_code=3001869320 in row no. 8
[2017-11-06 23:25:09] Update job_code=3001869320 in row no. 8
[2017-11-06 23:25:09] No job_category_s_id for job_code=3001869321 in row no. 9
[2017-11-06 23:25:10] Update job_code=3001869321 in row no. 9
[2017-11-06 23:25:10] No job_category_s_id2 for job_code=3001869172 in row no. 10
[2017-11-06 23:25:10] Update job_code=3001869172 in row no. 10
[2017-11-06 23:25:10] No job_category_s_id for job_code=3001869174 in row no. 11
[2017-11-06 23:25:10] No job_category_s_id2 for job_code=3001869174 in row no. 11
[2017-11-06 23:25:10] Update job_code=3001869174 in row no. 11
[2017-11-06 23:25:10] No job_category_m_id for job_code=3001869232 in row no. 12
[2017-11-06 23:25:10] No job_category_s_id for job_code=3001869232 in row no. 12
[2017-11-06 23:25:10] No job_category_s_id2 for job_code=3001869232 in row no. 12
[2017-11-06 23:25:10] Update job_code=3001869232 in row no. 12
[2017-11-06 23:25:10] Update job_code=3001869285 in row no. 13
[2017-11-06 23:25:10] Skip row 14 for incomplete record.
[2017-11-06 23:25:10] Update job_code=3001869323 in row no. 14
[2017-11-06 23:25:10] Image is already exist job_code=3001869323image_name=3001869323_image_2.jpg in row no. 14
[2017-11-06 23:25:10] skip row 15 for incomplete record.
[2017-11-06 23:25:10] No job_category_m_id for job_code=3001869179 in row no. 16
[2017-11-06 23:25:10] No job_category_s_id for job_code=3001869179 in row no. 16
[2017-11-06 23:25:10] No job_category_l_id2 for job_code=3001869179 in row no. 16
[2017-11-06 23:25:10] No job_category_m_id2 for job_code=3001869179 in row no. 16
[2017-11-06 23:25:10] No job_category_s_id2 for job_code=3001869179 in row no. 16
[2017-11-06 23:25:10] Update job_code=3001869179 in row no. 16
[2017-11-06 23:25:10] No job_category_s_id for job_code=3001869233 in row no. 17
[2017-11-06 23:25:10] No job_category_s_id2 for job_code=3001869233 in row no. 17
[2017-11-06 23:25:11] Update job_code=3001869233 in row no. 17
[2017-11-06 23:25:11] No job_category_l_id2 for job_code=3001869286 in row no. 18
[2017-11-06 23:25:11] No job_category_m_id2 for job_code=3001869286 in row no. 18
[2017-11-06 23:25:11] No job_category_s_id2 for job_code=3001869286 in row no. 18
[2017-11-06 23:25:11] Update job_code=3001869286 in row no. 18
[2017-11-06 23:25:11] No job_category_s_id for job_code=3001869324 in row no. 19
[2017-11-06 23:25:11] Update job_code=3001869324 in row no. 19
[2017-11-06 23:25:11] No job_category_m_id for job_code=3001869234 in row no. 20
[2017-11-06 23:25:11] No job_category_s_id for job_code=3001869234 in row no. 20
[2017-11-06 23:25:11] Update job_code=3001869234 in row no. 20
[2017-11-06 23:25:11] No job_category_l_id2 for job_code=3001869288 in row no. 21
[2017-11-06 23:25:11] No job_category_m_id2 for job_code=3001869288 in row no. 21
[2017-11-06 23:25:11] No job_category_s_id2 for job_code=3001869288 in row no. 21
[2017-11-06 23:25:11] Update job_code=3001869288 in row no. 21
[2017-11-06 23:25:11] No job_category_s_id2 for job_code=3001869291 in row no. 22
[2017-11-06 23:25:11] Update job_code=3001869291 in row no. 22
[2017-11-06 23:25:11] Update job_code=3001869337 in row no. 23
[2017-11-06 23:25:11] No job_category_m_id for job_code=3001869338 in row no. 24
[2017-11-06 23:25:11] No job_category_s_id for job_code=3001869338 in row no. 24
[2017-11-06 23:25:11] No job_category_m_id2 for job_code=3001869338 in row no. 24
[2017-11-06 23:25:11] No job_category_s_id2 for job_code=3001869338 in row no. 24
[2017-11-06 23:25:11] Update job_code=3001869338 in row no. 24
[2017-11-06 23:25:11] No job_category_l_id2 for job_code=3001869181 in row no. 25
[2017-11-06 23:25:11] No job_category_m_id2 for job_code=3001869181 in row no. 25
[2017-11-06 23:25:11] No job_category_s_id2 for job_code=3001869181 in row no. 25
[2017-11-06 23:25:12] Update job_code=3001869181 in row no. 25
[2017-11-06 23:25:12] No job_category_s_id for job_code=3001869182 in row no. 26
[2017-11-06 23:25:12] No job_category_l_id2 for job_code=3001869182 in row no. 26
[2017-11-06 23:25:12] No job_category_m_id2 for job_code=3001869182 in row no. 26
[2017-11-06 23:25:12] No job_category_s_id2 for job_code=3001869182 in row no. 26
[2017-11-06 23:25:12] Update job_code=3001869182 in row no. 26
[2017-11-06 23:25:12] No job_category_s_id for job_code=3001869236 in row no. 27
[2017-11-06 23:25:12] Update job_code=3001869236 in row no. 27
[2017-11-06 23:25:12] No job_category_s_id2 for job_code=3001869237 in row no. 28
[2017-11-06 23:25:12] Update job_code=3001869237 in row no. 28
[2017-11-06 23:25:12] Update job_code=3001869292 in row no. 29
[2017-11-06 23:25:12] No job_category_m_id for job_code=3001869346 in row no. 30
[2017-11-06 23:25:12] No job_category_s_id for job_code=3001869346 in row no. 30
[2017-11-06 23:25:12] No job_category_m_id2 for job_code=3001869346 in row no. 30
[2017-11-06 23:25:12] No job_category_s_id2 for job_code=3001869346 in row no. 30
[2017-11-06 23:25:12] Update job_code=3001869346 in row no. 30
[2017-11-06 23:25:12] No job_category_m_id for job_code=3001869183 in row no. 31
[2017-11-06 23:25:12] No job_category_s_id for job_code=3001869183 in row no. 31
[2017-11-06 23:25:12] No job_category_s_id2 for job_code=3001869183 in row no. 31
[2017-11-06 23:25:12] Update job_code=3001869183 in row no. 31
[2017-11-06 23:25:12] No job_category_l_id for job_code=3001869238 in row no. 32
[2017-11-06 23:25:12] No job_category_m_id for job_code=3001869238 in row no. 32
[2017-11-06 23:25:12] No job_category_s_id for job_code=3001869238 in row no. 32
[2017-11-06 23:25:12] No job_category_l_id2 for job_code=3001869238 in row no. 32
[2017-11-06 23:25:12] No job_category_m_id2 for job_code=3001869238 in row no. 32
[2017-11-06 23:25:12] No job_category_s_id2 for job_code=3001869238 in row no. 32
[2017-11-06 23:25:12] Update job_code=3001869238 in row no. 32
[2017-11-06 23:25:12] No job_category_l_id2 for job_code=3001869293 in row no. 33
[2017-11-06 23:25:12] No job_category_m_id2 for job_code=3001869293 in row no. 33
[2017-11-06 23:25:12] No job_category_s_id2 for job_code=3001869293 in row no. 33
[2017-11-06 23:25:13] Update job_code=3001869293 in row no. 33
[2017-11-06 23:25:13] No job_category_m_id2 for job_code=3001869326 in row no. 34
[2017-11-06 23:25:13] No job_category_s_id2 for job_code=3001869326 in row no. 34
[2017-11-06 23:25:13] Update job_code=3001869326 in row no. 34
[2017-11-06 23:25:13] No job_category_m_id for job_code=3001869332 in row no. 35
[2017-11-06 23:25:13] No job_category_s_id for job_code=3001869332 in row no. 35
[2017-11-06 23:25:13] No job_category_m_id2 for job_code=3001869332 in row no. 35
[2017-11-06 23:25:13] No job_category_s_id2 for job_code=3001869332 in row no. 35
[2017-11-06 23:25:13] Update job_code=3001869332 in row no. 35
[2017-11-06 23:25:13] No job_category_s_id for job_code=3001869188 in row no. 36
[2017-11-06 23:25:13] No job_category_s_id2 for job_code=3001869188 in row no. 36
[2017-11-06 23:25:13] Update job_code=3001869188 in row no. 36
[2017-11-06 23:25:13] No job_category_l_id for job_code=3001869240 in row no. 37
[2017-11-06 23:25:13] No job_category_m_id for job_code=3001869240 in row no. 37
[2017-11-06 23:25:13] No job_category_s_id for job_code=3001869240 in row no. 37
[2017-11-06 23:25:13] No job_category_l_id2 for job_code=3001869240 in row no. 37
[2017-11-06 23:25:13] No job_category_m_id2 for job_code=3001869240 in row no. 37
[2017-11-06 23:25:13] No job_category_s_id2 for job_code=3001869240 in row no. 37
[2017-11-06 23:25:13] Update job_code=3001869240 in row no. 37
[2017-11-06 23:25:13] No job_category_s_id for job_code=3001869294 in row no. 38
[2017-11-06 23:25:13] No job_category_s_id2 for job_code=3001869294 in row no. 38
[2017-11-06 23:25:13] Update job_code=3001869294 in row no. 38
[2017-11-06 23:25:13] No job_category_s_id for job_code=3001869340 in row no. 39
[2017-11-06 23:25:13] No job_category_l_id2 for job_code=3001869340 in row no. 39
[2017-11-06 23:25:13] No job_category_m_id2 for job_code=3001869340 in row no. 39
[2017-11-06 23:25:13] No job_category_s_id2 for job_code=3001869340 in row no. 39
[2017-11-06 23:25:13] Update job_code=3001869340 in row no. 39
[2017-11-06 23:25:13] No job_category_m_id for job_code=3001869342 in row no. 40
[2017-11-06 23:25:13] No job_category_s_id for job_code=3001869342 in row no. 40
[2017-11-06 23:25:13] Update job_code=3001869342 in row no. 40
[2017-11-06 23:25:13] No job_category_s_id for job_code=3001869189 in row no. 41
[2017-11-06 23:25:13] No job_category_l_id2 for job_code=3001869189 in row no. 41
[2017-11-06 23:25:13] No job_category_m_id2 for job_code=3001869189 in row no. 41
[2017-11-06 23:25:13] No job_category_s_id2 for job_code=3001869189 in row no. 41
[2017-11-06 23:25:14] Update job_code=3001869189 in row no. 41
[2017-11-06 23:25:14] No job_category_s_id for job_code=3001869246 in row no. 42
[2017-11-06 23:25:14] Update job_code=3001869246 in row no. 42
[2017-11-06 23:25:14] No job_category_l_id2 for job_code=3001869300 in row no. 43
[2017-11-06 23:25:14] No job_category_m_id2 for job_code=3001869300 in row no. 43
[2017-11-06 23:25:14] No job_category_s_id2 for job_code=3001869300 in row no. 43
[2017-11-06 23:25:14] Update job_code=3001869300 in row no. 43
[2017-11-06 23:25:14] No job_category_m_id for job_code=3001869349 in row no. 44
[2017-11-06 23:25:14] No job_category_s_id for job_code=3001869349 in row no. 44
[2017-11-06 23:25:14] No job_category_m_id2 for job_code=3001869349 in row no. 44
[2017-11-06 23:25:14] No job_category_s_id2 for job_code=3001869349 in row no. 44
[2017-11-06 23:25:14] Update job_code=3001869349 in row no. 44
[2017-11-06 23:25:14] No job_category_l_id for job_code=3001869247 in row no. 45
[2017-11-06 23:25:14] No job_category_m_id for job_code=3001869247 in row no. 45
[2017-11-06 23:25:14] No job_category_s_id for job_code=3001869247 in row no. 45
[2017-11-06 23:25:14] Update job_code=3001869247 in row no. 45
[2017-11-06 23:25:14] No job_category_s_id for job_code=3001869301 in row no. 46
[2017-11-06 23:25:14] No job_category_s_id2 for job_code=3001869301 in row no. 46
[2017-11-06 23:25:14] Update job_code=3001869301 in row no. 46
[2017-11-06 23:25:14] No job_category_s_id for job_code=3001869334 in row no. 47
[2017-11-06 23:25:14] No job_category_l_id2 for job_code=3001869334 in row no. 47
[2017-11-06 23:25:14] No job_category_m_id2 for job_code=3001869334 in row no. 47
[2017-11-06 23:25:14] No job_category_s_id2 for job_code=3001869334 in row no. 47
[2017-11-06 23:25:14] Update job_code=3001869334 in row no. 47
[2017-11-06 23:25:14] No job_category_m_id for job_code=3001869336 in row no. 48
[2017-11-06 23:25:14] No job_category_s_id for job_code=3001869336 in row no. 48
[2017-11-06 23:25:14] No job_category_m_id2 for job_code=3001869336 in row no. 48
[2017-11-06 23:25:14] No job_category_s_id2 for job_code=3001869336 in row no. 48
[2017-11-06 23:25:15] Update job_code=3001869336 in row no. 48
[2017-11-06 23:25:15] No job_category_l_id2 for job_code=3001869190 in row no. 49
[2017-11-06 23:25:15] No job_category_m_id2 for job_code=3001869190 in row no. 49
[2017-11-06 23:25:15] No job_category_s_id2 for job_code=3001869190 in row no. 49
[2017-11-06 23:25:15] Update job_code=3001869190 in row no. 49
[2017-11-06 23:25:15] Image is already exist job_code=3001869190image_name=3001869190_image_2.jpg in row no. 49
[2017-11-06 23:25:15] Update job_code=3001869191 in row no. 50
[2017-11-06 23:25:15] No job_category_s_id for job_code=3001869248 in row no. 51
[2017-11-06 23:25:15] No job_category_s_id2 for job_code=3001869248 in row no. 51
[2017-11-06 23:25:15] Update job_code=3001869248 in row no. 51
[2017-11-06 23:25:15] No job_category_m_id for job_code=3001869251 in row no. 52
[2017-11-06 23:25:15] No job_category_s_id for job_code=3001869251 in row no. 52
[2017-11-06 23:25:15] No job_category_m_id2 for job_code=3001869251 in row no. 52
[2017-11-06 23:25:15] No job_category_s_id2 for job_code=3001869251 in row no. 52
[2017-11-06 23:25:15] Update job_code=3001869251 in row no. 52
[2017-11-06 23:25:15] No job_category_m_id for job_code=3001869303 in row no. 53
[2017-11-06 23:25:15] No job_category_s_id for job_code=3001869303 in row no. 53
[2017-11-06 23:25:15] Update job_code=3001869303 in row no. 53
[2017-11-06 23:25:15] No job_category_s_id2 for job_code=3001869149 in row no. 54
[2017-11-06 23:25:15] Skip row 54 for incomplete record.
[2017-11-06 23:25:15] Update job_code=3001869149 in row no. 54
[2017-11-06 23:25:15] skip row 55 for incomplete record.
[2017-11-06 23:25:15] No job_category_s_id for job_code=3001869193 in row no. 56
[2017-11-06 23:25:15] No job_category_l_id2 for job_code=3001869193 in row no. 56
[2017-11-06 23:25:15] No job_category_m_id2 for job_code=3001869193 in row no. 56
[2017-11-06 23:25:15] No job_category_s_id2 for job_code=3001869193 in row no. 56
[2017-11-06 23:25:15] Update job_code=3001869193 in row no. 56
[2017-11-06 23:25:16] Update job_code=3001869194 in row no. 57
[2017-11-06 23:25:16] Update job_code=3001869252 in row no. 58
[2017-11-06 23:25:16] No job_category_m_id for job_code=3001869304 in row no. 59
[2017-11-06 23:25:16] No job_category_s_id for job_code=3001869304 in row no. 59
[2017-11-06 23:25:16] No job_category_m_id2 for job_code=3001869304 in row no. 59
[2017-11-06 23:25:16] No job_category_s_id2 for job_code=3001869304 in row no. 59
[2017-11-06 23:25:16] Update job_code=3001869304 in row no. 59
[2017-11-06 23:25:16] No job_category_l_id for job_code=3001869305 in row no. 60
[2017-11-06 23:25:16] No job_category_m_id for job_code=3001869305 in row no. 60
[2017-11-06 23:25:16] No job_category_s_id for job_code=3001869305 in row no. 60
[2017-11-06 23:25:16] No job_category_l_id2 for job_code=3001869305 in row no. 60
[2017-11-06 23:25:16] No job_category_m_id2 for job_code=3001869305 in row no. 60
[2017-11-06 23:25:16] No job_category_s_id2 for job_code=3001869305 in row no. 60
[2017-11-06 23:25:16] Update job_code=3001869305 in row no. 60
[2017-11-06 23:25:16] Update job_code=3001869150 in row no. 61
[2017-11-06 23:25:16] No job_category_m_id2 for job_code=3001869151 in row no. 62
[2017-11-06 23:25:16] No job_category_s_id2 for job_code=3001869151 in row no. 62
[2017-11-06 23:25:16] Update job_code=3001869151 in row no. 62
[2017-11-06 23:25:16] No job_category_s_id for job_code=3001869195 in row no. 63
[2017-11-06 23:25:16] No job_category_l_id2 for job_code=3001869195 in row no. 63
[2017-11-06 23:25:16] No job_category_m_id2 for job_code=3001869195 in row no. 63
[2017-11-06 23:25:16] No job_category_s_id2 for job_code=3001869195 in row no. 63
[2017-11-06 23:25:16] Update job_code=3001869195 in row no. 63
[2017-11-06 23:25:16] Update job_code=3001869198 in row no. 64
[2017-11-06 23:25:16] No job_category_s_id for job_code=3001869253 in row no. 65
[2017-11-06 23:25:17] Update job_code=3001869253 in row no. 65
[2017-11-06 23:25:17] No job_category_m_id for job_code=3001869261 in row no. 66
[2017-11-06 23:25:17] No job_category_s_id for job_code=3001869261 in row no. 66
[2017-11-06 23:25:17] No job_category_s_id2 for job_code=3001869261 in row no. 66
[2017-11-06 23:25:17] Update job_code=3001869261 in row no. 66
[2017-11-06 23:25:17] No job_category_s_id for job_code=3001869308 in row no. 67
[2017-11-06 23:25:17] No job_category_s_id2 for job_code=3001869308 in row no. 67
[2017-11-06 23:25:17] Update job_code=3001869308 in row no. 67
[2017-11-06 23:25:17] No job_category_s_id for job_code=3001869152 in row no. 68
[2017-11-06 23:25:17] No job_category_l_id2 for job_code=3001869152 in row no. 68
[2017-11-06 23:25:17] No job_category_m_id2 for job_code=3001869152 in row no. 68
[2017-11-06 23:25:17] No job_category_s_id2 for job_code=3001869152 in row no. 68
[2017-11-06 23:25:17] Update job_code=3001869152 in row no. 68
[2017-11-06 23:25:17] No job_category_m_id for job_code=3001869201 in row no. 69
[2017-11-06 23:25:17] No job_category_s_id for job_code=3001869201 in row no. 69
[2017-11-06 23:25:17] Update job_code=3001869201 in row no. 69
[2017-11-06 23:25:17] Image is already exist job_code=3001869201image_name=3001869201_image_2.jpg in row no. 69
[2017-11-06 23:25:17] No job_category_l_id2 for job_code=3001869264 in row no. 70
[2017-11-06 23:25:17] No job_category_m_id2 for job_code=3001869264 in row no. 70
[2017-11-06 23:25:17] No job_category_s_id2 for job_code=3001869264 in row no. 70
[2017-11-06 23:25:17] Update job_code=3001869264 in row no. 70
[2017-11-06 23:25:17] No job_category_m_id2 for job_code=3001869268 in row no. 71
[2017-11-06 23:25:17] No job_category_s_id2 for job_code=3001869268 in row no. 71
[2017-11-06 23:25:17] Update job_code=3001869268 in row no. 71
[2017-11-06 23:25:17] No job_category_s_id2 for job_code=3001869309 in row no. 72
[2017-11-06 23:25:18] Update job_code=3001869309 in row no. 72
[2017-11-06 23:25:18] Update job_code=3001869156 in row no. 73
[2017-11-06 23:25:18] Update job_code=3001869203 in row no. 74
[2017-11-06 23:25:18] No job_category_m_id for job_code=3001869207 in row no. 75
[2017-11-06 23:25:18] No job_category_s_id for job_code=3001869207 in row no. 75
[2017-11-06 23:25:18] No job_category_l_id2 for job_code=3001869207 in row no. 75
[2017-11-06 23:25:18] No job_category_m_id2 for job_code=3001869207 in row no. 75
[2017-11-06 23:25:18] No job_category_s_id2 for job_code=3001869207 in row no. 75
[2017-11-06 23:25:18] Update job_code=3001869207 in row no. 75
[2017-11-06 23:25:18] No job_category_m_id2 for job_code=3001869272 in row no. 76
[2017-11-06 23:25:18] No job_category_s_id2 for job_code=3001869272 in row no. 76
[2017-11-06 23:25:18] Update job_code=3001869272 in row no. 76
[2017-11-06 23:25:18] No job_category_m_id for job_code=3001869274 in row no. 77
[2017-11-06 23:25:18] No job_category_s_id for job_code=3001869274 in row no. 77
[2017-11-06 23:25:18] Update job_code=3001869274 in row no. 77
[2017-11-06 23:25:18] Update job_code=3001869310 in row no. 78
[2017-11-06 23:25:18] Update job_code=3001869157 in row no. 79
[2017-11-06 23:25:18] Image is already exist job_code=3001869157image_name=3001869157_image_2.jpg in row no. 79
[2017-11-06 23:25:19] Update job_code=3001869215 in row no. 80
[2017-11-06 23:25:19] No job_category_s_id2 for job_code=3001869221 in row no. 81
[2017-11-06 23:25:19] Update job_code=3001869221 in row no. 81
[2017-11-06 23:25:19] No job_category_m_id2 for job_code=3001869275 in row no. 82
[2017-11-06 23:25:19] No job_category_s_id2 for job_code=3001869275 in row no. 82
[2017-11-06 23:25:19] Update job_code=3001869275 in row no. 82
[2017-11-06 23:25:19] No job_category_s_id for job_code=3001869311 in row no. 83
[2017-11-06 23:25:19] No job_category_s_id2 for job_code=3001869311 in row no. 83
[2017-11-06 23:25:19] Update job_code=3001869311 in row no. 83
[2017-11-06 23:25:19] No job_category_m_id for job_code=3001869163 in row no. 84
[2017-11-06 23:25:19] No job_category_s_id for job_code=3001869163 in row no. 84
[2017-11-06 23:25:19] No job_category_l_id2 for job_code=3001869163 in row no. 84
[2017-11-06 23:25:19] No job_category_m_id2 for job_code=3001869163 in row no. 84
[2017-11-06 23:25:19] No job_category_s_id2 for job_code=3001869163 in row no. 84
[2017-11-06 23:25:19] Update job_code=3001869163 in row no. 84
[2017-11-06 23:25:19] No job_category_s_id2 for job_code=3001868972 in row no. 85
[2017-11-06 23:25:19] Update job_code=3001868972 in row no. 85
[2017-11-06 23:25:19] No job_category_m_id for job_code=3001868973 in row no. 86
[2017-11-06 23:25:19] No job_category_s_id for job_code=3001868973 in row no. 86
[2017-11-06 23:25:19] No job_category_l_id2 for job_code=3001868973 in row no. 86
[2017-11-06 23:25:19] No job_category_m_id2 for job_code=3001868973 in row no. 86
[2017-11-06 23:25:19] No job_category_s_id2 for job_code=3001868973 in row no. 86
[2017-11-06 23:25:19] Update job_code=3001868973 in row no. 86
[2017-11-06 23:25:19] Update job_code=3001869020 in row no. 87
[2017-11-06 23:25:19] No job_category_m_id for job_code=3001869021 in row no. 88
[2017-11-06 23:25:19] No job_category_s_id for job_code=3001869021 in row no. 88
[2017-11-06 23:25:20] Update job_code=3001869021 in row no. 88
[2017-11-06 23:25:20] No job_category_s_id for job_code=3001869076 in row no. 89
[2017-11-06 23:25:20] No job_category_l_id2 for job_code=3001869076 in row no. 89
[2017-11-06 23:25:20] No job_category_m_id2 for job_code=3001869076 in row no. 89
[2017-11-06 23:25:20] No job_category_s_id2 for job_code=3001869076 in row no. 89
[2017-11-06 23:25:20] Update job_code=3001869076 in row no. 89
[2017-11-06 23:25:20] No job_category_s_id for job_code=3001869127 in row no. 90
[2017-11-06 23:25:20] No job_category_l_id2 for job_code=3001869127 in row no. 90
[2017-11-06 23:25:20] No job_category_m_id2 for job_code=3001869127 in row no. 90
[2017-11-06 23:25:20] No job_category_s_id2 for job_code=3001869127 in row no. 90
[2017-11-06 23:25:20] Update job_code=3001869127 in row no. 90
[2017-11-06 23:25:20] Update job_code=3001868979 in row no. 91
[2017-11-06 23:25:20] No job_category_m_id for job_code=3001869022 in row no. 92
[2017-11-06 23:25:20] No job_category_s_id for job_code=3001869022 in row no. 92
[2017-11-06 23:25:20] No job_category_s_id2 for job_code=3001869022 in row no. 92
[2017-11-06 23:25:20] Update job_code=3001869022 in row no. 92
[2017-11-06 23:25:20] No job_category_s_id for job_code=3001869023 in row no. 93
[2017-11-06 23:25:20] No job_category_s_id2 for job_code=3001869023 in row no. 93
[2017-11-06 23:25:20] Update job_code=3001869023 in row no. 93
[2017-11-06 23:25:20] No job_category_m_id for job_code=3001869080 in row no. 94
[2017-11-06 23:25:20] No job_category_s_id for job_code=3001869080 in row no. 94
[2017-11-06 23:25:20] No job_category_m_id2 for job_code=3001869080 in row no. 94
[2017-11-06 23:25:20] No job_category_s_id2 for job_code=3001869080 in row no. 94
[2017-11-06 23:25:20] Update job_code=3001869080 in row no. 94
[2017-11-06 23:25:20] No job_category_s_id2 for job_code=3001869136 in row no. 95
[2017-11-06 23:25:20] Update job_code=3001869136 in row no. 95
[2017-11-06 23:25:20] No job_category_s_id for job_code=3001868980 in row no. 96
[2017-11-06 23:25:20] No job_category_l_id2 for job_code=3001868980 in row no. 96
[2017-11-06 23:25:20] No job_category_m_id2 for job_code=3001868980 in row no. 96
[2017-11-06 23:25:20] No job_category_s_id2 for job_code=3001868980 in row no. 96
[2017-11-06 23:25:21] Update job_code=3001868980 in row no. 96
[2017-11-06 23:25:21] Update job_code=3001869024 in row no. 97
[2017-11-06 23:25:21] No job_category_s_id for job_code=3001869083 in row no. 98
[2017-11-06 23:25:21] No job_category_l_id2 for job_code=3001869083 in row no. 98
[2017-11-06 23:25:21] No job_category_m_id2 for job_code=3001869083 in row no. 98
[2017-11-06 23:25:21] No job_category_s_id2 for job_code=3001869083 in row no. 98
[2017-11-06 23:25:21] Update job_code=3001869083 in row no. 98
[2017-11-06 23:25:21] No job_category_s_id2 for job_code=3001869085 in row no. 99
[2017-11-06 23:25:21] Update job_code=3001869085 in row no. 99
[2017-11-06 23:25:21] No job_category_m_id for job_code=3001869138 in row no. 100
[2017-11-06 23:25:21] No job_category_s_id for job_code=3001869138 in row no. 100
[2017-11-06 23:25:21] No job_category_m_id2 for job_code=3001869138 in row no. 100
[2017-11-06 23:25:21] No job_category_s_id2 for job_code=3001869138 in row no. 100
[2017-11-06 23:25:21] Update job_code=3001869138 in row no. 100
[2017-11-06 23:25:21] No job_category_m_id2 for job_code=3001868981 in row no. 101
[2017-11-06 23:25:21] No job_category_s_id2 for job_code=3001868981 in row no. 101
[2017-11-06 23:25:21] Update job_code=3001868981 in row no. 101
[2017-11-06 23:25:21] No job_category_m_id for job_code=3001868983 in row no. 102
[2017-11-06 23:25:21] No job_category_s_id for job_code=3001868983 in row no. 102
[2017-11-06 23:25:21] No job_category_s_id2 for job_code=3001868983 in row no. 102
[2017-11-06 23:25:21] Update job_code=3001868983 in row no. 102
[2017-11-06 23:25:22] Update job_code=3001869086 in row no. 103
[2017-11-06 23:25:22] No job_category_m_id for job_code=3001869088 in row no. 104
[2017-11-06 23:25:22] No job_category_s_id for job_code=3001869088 in row no. 104
[2017-11-06 23:25:22] No job_category_l_id2 for job_code=3001869088 in row no. 104
[2017-11-06 23:25:22] No job_category_m_id2 for job_code=3001869088 in row no. 104
[2017-11-06 23:25:22] No job_category_s_id2 for job_code=3001869088 in row no. 104
[2017-11-06 23:25:22] Update job_code=3001869088 in row no. 104
[2017-11-06 23:25:22] No job_category_s_id for job_code=3001869139 in row no. 105
[2017-11-06 23:25:22] No job_category_m_id2 for job_code=3001869139 in row no. 105
[2017-11-06 23:25:22] No job_category_s_id2 for job_code=3001869139 in row no. 105
[2017-11-06 23:25:22] Update job_code=3001869139 in row no. 105
[2017-11-06 23:25:22] Update job_code=3001868984 in row no. 106
[2017-11-06 23:25:22] No job_category_l_id2 for job_code=3001869027 in row no. 107
[2017-11-06 23:25:22] No job_category_m_id2 for job_code=3001869027 in row no. 107
[2017-11-06 23:25:22] No job_category_s_id2 for job_code=3001869027 in row no. 107
[2017-11-06 23:25:22] Update job_code=3001869027 in row no. 107
[2017-11-06 23:25:22] Update job_code=3001869029 in row no. 108
[2017-11-06 23:25:22] No job_category_s_id2 for job_code=3001869095 in row no. 109
[2017-11-06 23:25:22] Update job_code=3001869095 in row no. 109
[2017-11-06 23:25:22] Update job_code=3001869142 in row no. 110
[2017-11-06 23:25:22] No job_category_l_id2 for job_code=3001869143 in row no. 111
[2017-11-06 23:25:22] No job_category_m_id2 for job_code=3001869143 in row no. 111
[2017-11-06 23:25:22] No job_category_s_id2 for job_code=3001869143 in row no. 111
[2017-11-06 23:25:23] Update job_code=3001869143 in row no. 111
[2017-11-06 23:25:23] Update job_code=3001868985 in row no. 112
[2017-11-06 23:25:23] No job_category_m_id for job_code=3001869030 in row no. 113
[2017-11-06 23:25:23] No job_category_s_id for job_code=3001869030 in row no. 113
[2017-11-06 23:25:23] Update job_code=3001869030 in row no. 113
[2017-11-06 23:25:23] No job_category_s_id for job_code=3001869097 in row no. 114
[2017-11-06 23:25:23] No job_category_s_id2 for job_code=3001869097 in row no. 114
[2017-11-06 23:25:23] Update job_code=3001869097 in row no. 114
[2017-11-06 23:25:23] No job_category_m_id2 for job_code=3001869148 in row no. 115
[2017-11-06 23:25:23] No job_category_s_id2 for job_code=3001869148 in row no. 115
[2017-11-06 23:25:23] Update job_code=3001869148 in row no. 115
[2017-11-06 23:25:23] No job_category_l_id2 for job_code=3001868987 in row no. 116
[2017-11-06 23:25:23] No job_category_m_id2 for job_code=3001868987 in row no. 116
[2017-11-06 23:25:23] No job_category_s_id2 for job_code=3001868987 in row no. 116
[2017-11-06 23:25:23] Update job_code=3001868987 in row no. 116
[2017-11-06 23:25:23] No job_category_m_id for job_code=3001868988 in row no. 117
[2017-11-06 23:25:23] No job_category_s_id for job_code=3001868988 in row no. 117
[2017-11-06 23:25:23] No job_category_l_id2 for job_code=3001868988 in row no. 117
[2017-11-06 23:25:23] No job_category_m_id2 for job_code=3001868988 in row no. 117
[2017-11-06 23:25:23] No job_category_s_id2 for job_code=3001868988 in row no. 117
[2017-11-06 23:25:23] Update job_code=3001868988 in row no. 117
[2017-11-06 23:25:23] Update job_code=3001869031 in row no. 118
[2017-11-06 23:25:24] Update job_code=3001869032 in row no. 119
[2017-11-06 23:25:24] No job_category_s_id for job_code=3001869100 in row no. 120
[2017-11-06 23:25:24] No job_category_s_id2 for job_code=3001869100 in row no. 120
[2017-11-06 23:25:24] Update job_code=3001869100 in row no. 120
[2017-11-06 23:25:24] No job_category_s_id for job_code=3001869140 in row no. 121
[2017-11-06 23:25:24] No job_category_l_id2 for job_code=3001869140 in row no. 121
[2017-11-06 23:25:24] No job_category_m_id2 for job_code=3001869140 in row no. 121
[2017-11-06 23:25:24] No job_category_s_id2 for job_code=3001869140 in row no. 121
[2017-11-06 23:25:24] Update job_code=3001869140 in row no. 121
[2017-11-06 23:25:24] No job_category_l_id2 for job_code=3001868989 in row no. 122
[2017-11-06 23:25:24] No job_category_m_id2 for job_code=3001868989 in row no. 122
[2017-11-06 23:25:24] No job_category_s_id2 for job_code=3001868989 in row no. 122
[2017-11-06 23:25:24] Update job_code=3001868989 in row no. 122
[2017-11-06 23:25:24] No job_category_s_id2 for job_code=3001868990 in row no. 123
[2017-11-06 23:25:24] Update job_code=3001868990 in row no. 123
[2017-11-06 23:25:24] Update job_code=3001869036 in row no. 124
[2017-11-06 23:25:24] No job_category_l_id2 for job_code=3001869037 in row no. 125
[2017-11-06 23:25:24] No job_category_m_id2 for job_code=3001869037 in row no. 125
[2017-11-06 23:25:24] No job_category_s_id2 for job_code=3001869037 in row no. 125
[2017-11-06 23:25:24] Update job_code=3001869037 in row no. 125
[2017-11-06 23:25:24] No job_category_l_id2 for job_code=3001869101 in row no. 126
[2017-11-06 23:25:24] No job_category_m_id2 for job_code=3001869101 in row no. 126
[2017-11-06 23:25:24] No job_category_s_id2 for job_code=3001869101 in row no. 126
[2017-11-06 23:25:24] Update job_code=3001869101 in row no. 126
[2017-11-06 23:25:25] Update job_code=3001869144 in row no. 127
[2017-11-06 23:25:25] Update job_code=3001869147 in row no. 128
[2017-11-06 23:25:25] No job_category_m_id for job_code=3001868991 in row no. 129
[2017-11-06 23:25:25] No job_category_s_id for job_code=3001868991 in row no. 129
[2017-11-06 23:25:25] No job_category_l_id2 for job_code=3001868991 in row no. 129
[2017-11-06 23:25:25] No job_category_m_id2 for job_code=3001868991 in row no. 129
[2017-11-06 23:25:25] No job_category_s_id2 for job_code=3001868991 in row no. 129
[2017-11-06 23:25:25] Update job_code=3001868991 in row no. 129
[2017-11-06 23:25:25] No job_category_m_id for job_code=3001868993 in row no. 130
[2017-11-06 23:25:25] No job_category_s_id for job_code=3001868993 in row no. 130
[2017-11-06 23:25:25] No job_category_m_id2 for job_code=3001868993 in row no. 130
[2017-11-06 23:25:25] No job_category_s_id2 for job_code=3001868993 in row no. 130
[2017-11-06 23:25:25] Update job_code=3001868993 in row no. 130
[2017-11-06 23:25:25] No job_category_s_id2 for job_code=3001869039 in row no. 131
[2017-11-06 23:25:25] Update job_code=3001869039 in row no. 131
[2017-11-06 23:25:25] No job_category_s_id2 for job_code=3001869041 in row no. 132
[2017-11-06 23:25:25] Update job_code=3001869041 in row no. 132
[2017-11-06 23:25:25] Update job_code=3001869102 in row no. 133
[2017-11-06 23:25:25] Update job_code=3001869107 in row no. 134
[2017-11-06 23:25:25] No job_category_s_id for job_code=3001868937 in row no. 135
[2017-11-06 23:25:25] No job_category_l_id2 for job_code=3001868937 in row no. 135
[2017-11-06 23:25:25] No job_category_m_id2 for job_code=3001868937 in row no. 135
[2017-11-06 23:25:25] No job_category_s_id2 for job_code=3001868937 in row no. 135
[2017-11-06 23:25:26] Update job_code=3001868937 in row no. 135
[2017-11-06 23:25:26] No job_category_s_id for job_code=3001868939 in row no. 136
[2017-11-06 23:25:26] No job_category_s_id2 for job_code=3001868939 in row no. 136
[2017-11-06 23:25:26] Update job_code=3001868939 in row no. 136
[2017-11-06 23:25:26] No job_category_m_id for job_code=3001868994 in row no. 137
[2017-11-06 23:25:26] No job_category_s_id for job_code=3001868994 in row no. 137
[2017-11-06 23:25:26] No job_category_m_id2 for job_code=3001868994 in row no. 137
[2017-11-06 23:25:26] No job_category_s_id2 for job_code=3001868994 in row no. 137
[2017-11-06 23:25:26] Update job_code=3001868994 in row no. 137
[2017-11-06 23:25:26] No job_category_s_id for job_code=3001868996 in row no. 138
[2017-11-06 23:25:26] No job_category_s_id2 for job_code=3001868996 in row no. 138
[2017-11-06 23:25:26] Update job_code=3001868996 in row no. 138
[2017-11-06 23:25:26] No job_category_m_id for job_code=3001869044 in row no. 139
[2017-11-06 23:25:26] No job_category_s_id for job_code=3001869044 in row no. 139
[2017-11-06 23:25:26] No job_category_l_id2 for job_code=3001869044 in row no. 139
[2017-11-06 23:25:26] No job_category_m_id2 for job_code=3001869044 in row no. 139
[2017-11-06 23:25:26] No job_category_s_id2 for job_code=3001869044 in row no. 139
[2017-11-06 23:25:26] Update job_code=3001869044 in row no. 139
[2017-11-06 23:25:26] Update job_code=3001869108 in row no. 140
[2017-11-06 23:25:26] No job_category_s_id for job_code=3001868952 in row no. 141
[2017-11-06 23:25:26] No job_category_l_id2 for job_code=3001868952 in row no. 141
[2017-11-06 23:25:26] No job_category_m_id2 for job_code=3001868952 in row no. 141
[2017-11-06 23:25:26] No job_category_s_id2 for job_code=3001868952 in row no. 141
[2017-11-06 23:25:26] Update job_code=3001868952 in row no. 141
[2017-11-06 23:25:26] Update job_code=3001868953 in row no. 142
[2017-11-06 23:25:26] No job_category_l_id for job_code=3001868998 in row no. 143
[2017-11-06 23:25:26] No job_category_m_id for job_code=3001868998 in row no. 143
[2017-11-06 23:25:26] No job_category_s_id for job_code=3001868998 in row no. 143
[2017-11-06 23:25:26] No job_category_l_id2 for job_code=3001868998 in row no. 143
[2017-11-06 23:25:26] No job_category_m_id2 for job_code=3001868998 in row no. 143
[2017-11-06 23:25:26] No job_category_s_id2 for job_code=3001868998 in row no. 143
[2017-11-06 23:25:27] Update job_code=3001868998 in row no. 143
[2017-11-06 23:25:27] No job_category_s_id for job_code=3001868999 in row no. 144
[2017-11-06 23:25:27] No job_category_s_id2 for job_code=3001868999 in row no. 144
[2017-11-06 23:25:27] Update job_code=3001868999 in row no. 144
[2017-11-06 23:25:27] Update job_code=3001869046 in row no. 145
[2017-11-06 23:25:27] Update job_code=3001869109 in row no. 146
[2017-11-06 23:25:27] No job_category_m_id2 for job_code=3001869111 in row no. 147
[2017-11-06 23:25:27] No job_category_s_id2 for job_code=3001869111 in row no. 147
[2017-11-06 23:25:27] Update job_code=3001869111 in row no. 147
[2017-11-06 23:25:27] No job_category_m_id for job_code=3001868957 in row no. 148
[2017-11-06 23:25:27] No job_category_s_id for job_code=3001868957 in row no. 148
[2017-11-06 23:25:27] No job_category_l_id2 for job_code=3001868957 in row no. 148
[2017-11-06 23:25:27] No job_category_m_id2 for job_code=3001868957 in row no. 148
[2017-11-06 23:25:27] No job_category_s_id2 for job_code=3001868957 in row no. 148
[2017-11-06 23:25:27] Update job_code=3001868957 in row no. 148
[2017-11-06 23:25:27] No job_category_l_id2 for job_code=3001868958 in row no. 149
[2017-11-06 23:25:27] No job_category_m_id2 for job_code=3001868958 in row no. 149
[2017-11-06 23:25:27] No job_category_s_id2 for job_code=3001868958 in row no. 149
[2017-11-06 23:25:27] Update job_code=3001868958 in row no. 149
[2017-11-06 23:25:28] Update job_code=3001869001 in row no. 150
[2017-11-06 23:25:28] No job_category_m_id for job_code=3001869048 in row no. 151
[2017-11-06 23:25:28] No job_category_s_id for job_code=3001869048 in row no. 151
[2017-11-06 23:25:28] Update job_code=3001869048 in row no. 151
[2017-11-06 23:25:28] No job_category_m_id for job_code=3001869053 in row no. 152
[2017-11-06 23:25:28] No job_category_s_id for job_code=3001869053 in row no. 152
[2017-11-06 23:25:28] No job_category_m_id2 for job_code=3001869053 in row no. 152
[2017-11-06 23:25:28] No job_category_s_id2 for job_code=3001869053 in row no. 152
[2017-11-06 23:25:28] Update job_code=3001869053 in row no. 152
[2017-11-06 23:25:28] Update job_code=3001869113 in row no. 153
[2017-11-06 23:25:28] No job_category_s_id for job_code=3001869114 in row no. 154
[2017-11-06 23:25:28] No job_category_s_id2 for job_code=3001869114 in row no. 154
[2017-11-06 23:25:28] Update job_code=3001869114 in row no. 154
[2017-11-06 23:25:28] No job_category_m_id for job_code=3001868961 in row no. 155
[2017-11-06 23:25:28] No job_category_s_id for job_code=3001868961 in row no. 155
[2017-11-06 23:25:28] No job_category_l_id2 for job_code=3001868961 in row no. 155
[2017-11-06 23:25:28] No job_category_m_id2 for job_code=3001868961 in row no. 155
[2017-11-06 23:25:28] No job_category_s_id2 for job_code=3001868961 in row no. 155
[2017-11-06 23:25:28] Update job_code=3001868961 in row no. 155
[2017-11-06 23:25:28] Update job_code=3001869002 in row no. 156
[2017-11-06 23:25:28] No job_category_s_id for job_code=3001869004 in row no. 157
[2017-11-06 23:25:28] No job_category_s_id2 for job_code=3001869004 in row no. 157
[2017-11-06 23:25:28] Update job_code=3001869004 in row no. 157
[2017-11-06 23:25:28] No job_category_m_id for job_code=3001869069 in row no. 158
[2017-11-06 23:25:28] No job_category_s_id for job_code=3001869069 in row no. 158
[2017-11-06 23:25:28] No job_category_l_id2 for job_code=3001869069 in row no. 158
[2017-11-06 23:25:28] No job_category_m_id2 for job_code=3001869069 in row no. 158
[2017-11-06 23:25:28] No job_category_s_id2 for job_code=3001869069 in row no. 158
[2017-11-06 23:25:29] Update job_code=3001869069 in row no. 158
[2017-11-06 23:25:29] No job_category_l_id for job_code=3001869119 in row no. 159
[2017-11-06 23:25:29] No job_category_m_id for job_code=3001869119 in row no. 159
[2017-11-06 23:25:29] No job_category_s_id for job_code=3001869119 in row no. 159
[2017-11-06 23:25:29] No job_category_l_id2 for job_code=3001869119 in row no. 159
[2017-11-06 23:25:29] No job_category_m_id2 for job_code=3001869119 in row no. 159
[2017-11-06 23:25:29] No job_category_s_id2 for job_code=3001869119 in row no. 159
[2017-11-06 23:25:29] Update job_code=3001869119 in row no. 159
[2017-11-06 23:25:29] Update job_code=3001868963 in row no. 160
[2017-11-06 23:25:29] No job_category_l_id2 for job_code=3001868965 in row no. 161
[2017-11-06 23:25:29] No job_category_m_id2 for job_code=3001868965 in row no. 161
[2017-11-06 23:25:29] No job_category_s_id2 for job_code=3001868965 in row no. 161
[2017-11-06 23:25:29] Update job_code=3001868965 in row no. 161
[2017-11-06 23:25:29] No job_category_m_id for job_code=3001869006 in row no. 162
[2017-11-06 23:25:29] No job_category_s_id for job_code=3001869006 in row no. 162
[2017-11-06 23:25:29] No job_category_m_id2 for job_code=3001869006 in row no. 162
[2017-11-06 23:25:29] No job_category_s_id2 for job_code=3001869006 in row no. 162
[2017-11-06 23:25:29] Update job_code=3001869006 in row no. 162
[2017-11-06 23:25:29] No job_category_m_id for job_code=3001869072 in row no. 163
[2017-11-06 23:25:29] No job_category_s_id for job_code=3001869072 in row no. 163
[2017-11-06 23:25:29] No job_category_l_id2 for job_code=3001869072 in row no. 163
[2017-11-06 23:25:29] No job_category_m_id2 for job_code=3001869072 in row no. 163
[2017-11-06 23:25:29] No job_category_s_id2 for job_code=3001869072 in row no. 163
[2017-11-06 23:25:29] Update job_code=3001869072 in row no. 163
[2017-11-06 23:25:29] Update job_code=3001869120 in row no. 164
[2017-11-06 23:25:29] Update job_code=3001869121 in row no. 165
[2017-11-06 23:25:29] No job_category_m_id for job_code=3001868967 in row no. 166
[2017-11-06 23:25:29] No job_category_s_id for job_code=3001868967 in row no. 166
[2017-11-06 23:25:30] Update job_code=3001868967 in row no. 166
[2017-11-06 23:25:30] No job_category_s_id2 for job_code=3001869013 in row no. 167
[2017-11-06 23:25:30] Update job_code=3001869013 in row no. 167
[2017-11-06 23:25:30] No job_category_m_id for job_code=3001869014 in row no. 168
[2017-11-06 23:25:30] No job_category_s_id for job_code=3001869014 in row no. 168
[2017-11-06 23:25:30] No job_category_s_id2 for job_code=3001869014 in row no. 168
[2017-11-06 23:25:30] Update job_code=3001869014 in row no. 168
[2017-11-06 23:25:30] No job_category_m_id for job_code=3001869074 in row no. 169
[2017-11-06 23:25:30] No job_category_s_id for job_code=3001869074 in row no. 169
[2017-11-06 23:25:30] No job_category_m_id2 for job_code=3001869074 in row no. 169
[2017-11-06 23:25:30] No job_category_s_id2 for job_code=3001869074 in row no. 169
[2017-11-06 23:25:30] Update job_code=3001869074 in row no. 169
[2017-11-06 23:25:30] No job_category_m_id for job_code=3001869122 in row no. 170
[2017-11-06 23:25:30] No job_category_s_id for job_code=3001869122 in row no. 170
[2017-11-06 23:25:30] No job_category_m_id2 for job_code=3001869122 in row no. 170
[2017-11-06 23:25:30] No job_category_s_id2 for job_code=3001869122 in row no. 170
[2017-11-06 23:25:30] Update job_code=3001869122 in row no. 170
[2017-11-06 23:25:30] No job_category_l_id for job_code=3001869123 in row no. 171
[2017-11-06 23:25:30] No job_category_m_id for job_code=3001869123 in row no. 171
[2017-11-06 23:25:30] No job_category_s_id for job_code=3001869123 in row no. 171
[2017-11-06 23:25:30] No job_category_l_id2 for job_code=3001869123 in row no. 171
[2017-11-06 23:25:30] No job_category_m_id2 for job_code=3001869123 in row no. 171
[2017-11-06 23:25:30] No job_category_s_id2 for job_code=3001869123 in row no. 171
[2017-11-06 23:25:30] Update job_code=3001869123 in row no. 171
[2017-11-06 23:25:30] No job_category_s_id2 for job_code=3001868968 in row no. 172
[2017-11-06 23:25:30] Update job_code=3001868968 in row no. 172
[2017-11-06 23:25:30] No job_category_m_id for job_code=3001869016 in row no. 173
[2017-11-06 23:25:30] No job_category_s_id for job_code=3001869016 in row no. 173
[2017-11-06 23:25:30] No job_category_m_id2 for job_code=3001869016 in row no. 173
[2017-11-06 23:25:30] No job_category_s_id2 for job_code=3001869016 in row no. 173
[2017-11-06 23:25:30] Update job_code=3001869016 in row no. 173
[2017-11-06 23:25:30] No job_category_s_id2 for job_code=3001869019 in row no. 174
[2017-11-06 23:25:31] Update job_code=3001869019 in row no. 174
[2017-11-06 23:25:31] No job_category_m_id for job_code=3001869075 in row no. 175
[2017-11-06 23:25:31] No job_category_s_id for job_code=3001869075 in row no. 175
[2017-11-06 23:25:31] No job_category_l_id2 for job_code=3001869075 in row no. 175
[2017-11-06 23:25:31] No job_category_m_id2 for job_code=3001869075 in row no. 175
[2017-11-06 23:25:31] No job_category_s_id2 for job_code=3001869075 in row no. 175
[2017-11-06 23:25:31] Update job_code=3001869075 in row no. 175
[2017-11-06 23:25:31] Update job_code=3001869125 in row no. 176
[2017-11-06 23:25:31] No job_category_s_id for job_code=3001869126 in row no. 177
[2017-11-06 23:25:31] Update job_code=3001869126 in row no. 177
[2017-11-06 23:25:31] No job_category_s_id for job_code=3001868969 in row no. 178
[2017-11-06 23:25:31] No job_category_s_id2 for job_code=3001868969 in row no. 178
[2017-11-06 23:25:31] Update job_code=3001868969 in row no. 178
[2017-11-06 23:25:31] No job_category_m_id for job_code=3001868971 in row no. 179
[2017-11-06 23:25:31] No job_category_s_id for job_code=3001868971 in row no. 179
[2017-11-06 23:25:31] No job_category_m_id2 for job_code=3001868971 in row no. 179
[2017-11-06 23:25:31] No job_category_s_id2 for job_code=3001868971 in row no. 179
[2017-11-06 23:25:31] Update job_code=3001868971 in row no. 179
[2017-11-06 23:25:31] No job_category_s_id2 for job_code=3001850214 in row no. 180
[2017-11-06 23:25:31] Update job_code=3001850214 in row no. 180
[2017-11-06 23:25:31] Update job_code=3001850215 in row no. 181
[2017-11-06 23:25:32] No job_category_m_id for job_code=3001850292 in row no. 182
[2017-11-06 23:25:32] No job_category_s_id for job_code=3001850292 in row no. 182
[2017-11-06 23:25:32] No job_category_m_id2 for job_code=3001850292 in row no. 182
[2017-11-06 23:25:32] No job_category_s_id2 for job_code=3001850292 in row no. 182
[2017-11-06 23:25:32] Update job_code=3001850292 in row no. 182
[2017-11-06 23:25:32] No job_category_m_id for job_code=3001850294 in row no. 183
[2017-11-06 23:25:32] No job_category_s_id for job_code=3001850294 in row no. 183
[2017-11-06 23:25:32] No job_category_m_id2 for job_code=3001850294 in row no. 183
[2017-11-06 23:25:32] No job_category_s_id2 for job_code=3001850294 in row no. 183
[2017-11-06 23:25:32] Update job_code=3001850294 in row no. 183
[2017-11-06 23:25:32] Update job_code=3001850097 in row no. 184
[2017-11-06 23:25:32] No job_category_m_id for job_code=3001850176 in row no. 185
[2017-11-06 23:25:32] No job_category_s_id for job_code=3001850176 in row no. 185
[2017-11-06 23:25:32] Update job_code=3001850176 in row no. 185
[2017-11-06 23:25:32] No job_category_m_id for job_code=3001850178 in row no. 186
[2017-11-06 23:25:32] No job_category_s_id for job_code=3001850178 in row no. 186
[2017-11-06 23:25:32] Update job_code=3001850178 in row no. 186
[2017-11-06 23:25:32] No job_category_s_id2 for job_code=3001850219 in row no. 187
[2017-11-06 23:25:32] Update job_code=3001850219 in row no. 187
[2017-11-06 23:25:32] No job_category_s_id for job_code=3001850231 in row no. 188
[2017-11-06 23:25:32] Update job_code=3001850231 in row no. 188
[2017-11-06 23:25:32] No job_category_m_id for job_code=3001850295 in row no. 189
[2017-11-06 23:25:32] No job_category_s_id for job_code=3001850295 in row no. 189
[2017-11-06 23:25:32] No job_category_m_id2 for job_code=3001850295 in row no. 189
[2017-11-06 23:25:32] No job_category_s_id2 for job_code=3001850295 in row no. 189
[2017-11-06 23:25:33] Update job_code=3001850295 in row no. 189
[2017-11-06 23:25:33] No job_category_s_id2 for job_code=3001850303 in row no. 190
[2017-11-06 23:25:33] Update job_code=3001850303 in row no. 190
[2017-11-06 23:25:33] No job_category_m_id for job_code=3001850102 in row no. 191
[2017-11-06 23:25:33] No job_category_s_id for job_code=3001850102 in row no. 191
[2017-11-06 23:25:33] No job_category_m_id2 for job_code=3001850102 in row no. 191
[2017-11-06 23:25:33] No job_category_s_id2 for job_code=3001850102 in row no. 191
[2017-11-06 23:25:33] Update job_code=3001850102 in row no. 191
[2017-11-06 23:25:33] Update job_code=3001850109 in row no. 192
[2017-11-06 23:25:33] No job_category_s_id for job_code=3001850181 in row no. 193
[2017-11-06 23:25:33] No job_category_s_id2 for job_code=3001850181 in row no. 193
[2017-11-06 23:25:33] Update job_code=3001850181 in row no. 193
[2017-11-06 23:25:33] No job_category_m_id2 for job_code=3001850236 in row no. 194
[2017-11-06 23:25:33] No job_category_s_id2 for job_code=3001850236 in row no. 194
[2017-11-06 23:25:33] Update job_code=3001850236 in row no. 194
[2017-11-06 23:25:33] No job_category_m_id for job_code=3001850238 in row no. 195
[2017-11-06 23:25:33] No job_category_s_id for job_code=3001850238 in row no. 195
[2017-11-06 23:25:33] No job_category_m_id2 for job_code=3001850238 in row no. 195
[2017-11-06 23:25:33] No job_category_s_id2 for job_code=3001850238 in row no. 195
[2017-11-06 23:25:33] Update job_code=3001850238 in row no. 195
[2017-11-06 23:25:33] No job_category_s_id for job_code=3001850314 in row no. 196
[2017-11-06 23:25:33] No job_category_s_id2 for job_code=3001850314 in row no. 196
[2017-11-06 23:25:33] Update job_code=3001850314 in row no. 196
[2017-11-06 23:25:33] No job_category_m_id for job_code=3001850110 in row no. 197
[2017-11-06 23:25:33] No job_category_s_id for job_code=3001850110 in row no. 197
[2017-11-06 23:25:33] No job_category_m_id2 for job_code=3001850110 in row no. 197
[2017-11-06 23:25:33] No job_category_s_id2 for job_code=3001850110 in row no. 197
[2017-11-06 23:25:34] Update job_code=3001850110 in row no. 197
[2017-11-06 23:25:34] No job_category_s_id for job_code=3001850116 in row no. 198
[2017-11-06 23:25:34] Update job_code=3001850116 in row no. 198
[2017-11-06 23:25:34] No job_category_m_id for job_code=3001850239 in row no. 199
[2017-11-06 23:25:34] No job_category_s_id for job_code=3001850239 in row no. 199
[2017-11-06 23:25:34] No job_category_l_id2 for job_code=3001850239 in row no. 199
[2017-11-06 23:25:34] No job_category_m_id2 for job_code=3001850239 in row no. 199
[2017-11-06 23:25:34] No job_category_s_id2 for job_code=3001850239 in row no. 199
[2017-11-06 23:25:34] Update job_code=3001850239 in row no. 199
[2017-11-06 23:25:34] No job_category_m_id for job_code=3001850320 in row no. 200
[2017-11-06 23:25:34] No job_category_s_id for job_code=3001850320 in row no. 200
[2017-11-06 23:25:34] No job_category_m_id2 for job_code=3001850320 in row no. 200
[2017-11-06 23:25:34] No job_category_s_id2 for job_code=3001850320 in row no. 200
[2017-11-06 23:25:34] Update job_code=3001850320 in row no. 200
[2017-11-06 23:25:34] skip row 201 for incomplete record.
[2017-11-06 23:25:34] No job_category_s_id2 for job_code=0 in row no. 202
[2017-11-06 23:25:34] Skip row 202 for incomplete record.
